#! /usr/local/Cellar/icarus-verilog/10.2_1/bin/vvp
:ivl_version "10.2 (stable)" "(v10_2)";
:ivl_delay_selection "TYPICAL";
:vpi_time_precision + 0;
:vpi_module "system";
:vpi_module "vhdl_sys";
:vpi_module "v2005_math";
:vpi_module "va_math";
S_0x7f8943d044b0 .scope module, "rc4_top_tb" "rc4_top_tb" 2 2;
 .timescale 0 0;
v0x7f8943d1a7d0_0 .var "clk", 0 0;
v0x7f8943d1a860_0 .var "data_in", 7 0;
v0x7f8943d1a940_0 .net "data_out", 7 0, v0x7f8943d16dd0_0;  1 drivers
v0x7f8943d1aa10_0 .var "done_de", 0 0;
v0x7f8943d1aab0_0 .var "done_en", 0 0;
v0x7f8943d1ab80_0 .var "password", 7 0;
v0x7f8943d1ac10_0 .var "rdy_de", 0 0;
v0x7f8943d1acb0_0 .var "rdy_en", 0 0;
v0x7f8943d1ad50_0 .var "rst", 0 0;
v0x7f8943d1ae60_0 .var "valid", 0 0;
v0x7f8943d1aef0_0 .var "valid1", 0 0;
S_0x7f8943d05340 .scope module, "DUT" "rc4_top" 2 18, 3 5 0, S_0x7f8943d044b0;
 .timescale 0 0;
    .port_info 0 /INPUT 1 "clk"
    .port_info 1 /INPUT 1 "rst"
    .port_info 2 /INPUT 8 "password"
    .port_info 3 /INPUT 8 "data_in"
    .port_info 4 /OUTPUT 8 "data_out"
    .port_info 5 /INPUT 1 "valid1"
    .port_info 6 /INPUT 1 "valid"
v0x7f8943d19580_0 .net "clk", 0 0, v0x7f8943d1a7d0_0;  1 drivers
v0x7f8943d196a0_0 .net "data_in", 7 0, v0x7f8943d1a860_0;  1 drivers
v0x7f8943d19730_0 .net "data_out", 7 0, v0x7f8943d16dd0_0;  alias, 1 drivers
v0x7f8943d197c0_0 .net "data_out_temp", 7 0, v0x7f8943d18ec0_0;  1 drivers
v0x7f8943d19870_0 .var "data_out_temp2", 7 0;
v0x7f8943d19940_0 .var "data_out_temp3", 7 0;
v0x7f8943d199d0_0 .var "i", 31 0;
v0x7f8943d19a70_0 .net "init_done1", 0 0, L_0x7f8943d1b390;  1 drivers
v0x7f8943d19b40_0 .net "init_done2", 0 0, L_0x7f8943d1b8d0;  1 drivers
v0x7f8943d19c50_0 .var "j", 31 0;
v0x7f8943d19ce0_0 .net "out_valid1", 0 0, v0x7f8943d19020_0;  1 drivers
v0x7f8943d19d70_0 .net "outvalid2", 0 0, v0x7f8943d16fc0_0;  1 drivers
v0x7f8943d19e20_0 .net "password", 7 0, v0x7f8943d1ab80_0;  1 drivers
v0x7f8943d19f30_0 .net "rst", 0 0, v0x7f8943d1ad50_0;  1 drivers
v0x7f8943d1a040_0 .var "state1", 1 0;
v0x7f8943d1a0d0_0 .var "state2", 1 0;
v0x7f8943d1a160 .array "storage", 0 255, 7 0;
v0x7f8943d1a2f0_0 .net "valid", 0 0, v0x7f8943d1ae60_0;  1 drivers
v0x7f8943d1a380_0 .net "valid1", 0 0, v0x7f8943d1aef0_0;  1 drivers
v0x7f8943d1a450_0 .var "valid2", 0 0;
S_0x7f8943d05590 .scope module, "decrypt_d" "decrypt" 3 31, 4 2 0, S_0x7f8943d05340;
 .timescale 0 0;
    .port_info 0 /INPUT 1 "clk"
    .port_info 1 /INPUT 1 "rst"
    .port_info 2 /INPUT 8 "password"
    .port_info 3 /INPUT 8 "data_in"
    .port_info 4 /OUTPUT 8 "data_out"
    .port_info 5 /OUTPUT 1 "init_done"
    .port_info 6 /INPUT 1 "valid"
    .port_info 7 /OUTPUT 1 "out_valid"
v0x7f8943d16c20_0 .net "K", 7 0, v0x7f8943d05af0_0;  1 drivers
v0x7f8943d16cb0_0 .net "clk", 0 0, v0x7f8943d1a7d0_0;  alias, 1 drivers
v0x7f8943d16d40_0 .net "data_in", 7 0, v0x7f8943d19870_0;  1 drivers
v0x7f8943d16dd0_0 .var "data_out", 7 0;
o0x7f8943e325d8 .functor BUFZ 1, C4<z>; HiZ drive
v0x7f8943d16e60_0 .net "done", 0 0, o0x7f8943e325d8;  0 drivers
v0x7f8943d16f30_0 .net "init_done", 0 0, L_0x7f8943d1b8d0;  alias, 1 drivers
v0x7f8943d16fc0_0 .var "out_valid", 0 0;
v0x7f8943d17050_0 .net "output_ready", 0 0, v0x7f8943d16620_0;  1 drivers
v0x7f8943d170e0_0 .net "password", 7 0, v0x7f8943d1ab80_0;  alias, 1 drivers
v0x7f8943d17210_0 .net "rst", 0 0, v0x7f8943d1ad50_0;  alias, 1 drivers
v0x7f8943d172a0_0 .var "temp_K", 7 0;
v0x7f8943d17330_0 .var "temp_K2", 7 0;
v0x7f8943d173c0_0 .var "temp_out_valid", 0 0;
v0x7f8943d17460_0 .var "temp_out_valid2", 0 0;
v0x7f8943d17500_0 .net "valid", 0 0, v0x7f8943d1a450_0;  1 drivers
E_0x7f8943d04610 .event posedge, v0x7f8943d16620_0;
E_0x7f8943d04fb0 .event posedge, v0x7f8943d16220_0;
S_0x7f8943d05840 .scope module, "device" "rc4" 4 24, 5 2 0, S_0x7f8943d05590;
 .timescale 0 0;
    .port_info 0 /INPUT 1 "clk"
    .port_info 1 /INPUT 1 "rst"
    .port_info 2 /OUTPUT 1 "output_ready"
    .port_info 3 /INPUT 8 "password_input"
    .port_info 4 /OUTPUT 8 "K"
    .port_info 5 /OUTPUT 1 "init_done"
    .port_info 6 /INPUT 1 "valid"
L_0x7f8943d1b700 .functor OR 1, L_0x7f8943d1b4a0, L_0x7f8943d1b5e0, C4<0>, C4<0>;
L_0x7f8943d1b8d0 .functor OR 1, L_0x7f8943d1b700, L_0x7f8943d1b7f0, C4<0>, C4<0>;
v0x7f8943d05af0_0 .var "K", 7 0;
v0x7f8943d15bb0_0 .var "KSState", 3 0;
v0x7f8943d15c50 .array "S", 256 0, 7 0;
L_0x7f8943e630e0 .functor BUFT 1, C4<0100>, C4<0>, C4<0>, C4<0>;
v0x7f8943d15d00_0 .net/2u *"_s0", 3 0, L_0x7f8943e630e0;  1 drivers
L_0x7f8943e63170 .functor BUFT 1, C4<0111>, C4<0>, C4<0>, C4<0>;
v0x7f8943d15da0_0 .net/2u *"_s10", 3 0, L_0x7f8943e63170;  1 drivers
v0x7f8943d15e90_0 .net *"_s12", 0 0, L_0x7f8943d1b7f0;  1 drivers
v0x7f8943d15f30_0 .net *"_s2", 0 0, L_0x7f8943d1b4a0;  1 drivers
L_0x7f8943e63128 .functor BUFT 1, C4<0101>, C4<0>, C4<0>, C4<0>;
v0x7f8943d15fd0_0 .net/2u *"_s4", 3 0, L_0x7f8943e63128;  1 drivers
v0x7f8943d16080_0 .net *"_s6", 0 0, L_0x7f8943d1b5e0;  1 drivers
v0x7f8943d16190_0 .net *"_s8", 0 0, L_0x7f8943d1b700;  1 drivers
v0x7f8943d16220_0 .net "clk", 0 0, v0x7f8943d1a7d0_0;  alias, 1 drivers
v0x7f8943d162c0_0 .var "discardCount", 9 0;
v0x7f8943d16370_0 .var "i", 7 0;
v0x7f8943d16420_0 .net "init_done", 0 0, L_0x7f8943d1b8d0;  alias, 1 drivers
v0x7f8943d164c0_0 .var "j", 7 0;
v0x7f8943d16570_0 .var "key", 7 0;
v0x7f8943d16620_0 .var "output_ready", 0 0;
v0x7f8943d167b0_0 .net "password_input", 7 0, v0x7f8943d1ab80_0;  alias, 1 drivers
v0x7f8943d16840_0 .net "rst", 0 0, v0x7f8943d1ad50_0;  alias, 1 drivers
o0x7f8943e32368 .functor BUFZ 1, C4<z>; HiZ drive
v0x7f8943d168d0_0 .net "start", 0 0, o0x7f8943e32368;  0 drivers
v0x7f8943d16970_0 .var "temp_K", 7 0;
v0x7f8943d16a20_0 .var "tmp", 7 0;
v0x7f8943d16ad0_0 .net "valid", 0 0, v0x7f8943d1a450_0;  alias, 1 drivers
E_0x7f8943d04150 .event posedge, v0x7f8943d16840_0, v0x7f8943d16220_0;
L_0x7f8943d1b4a0 .cmp/eq 4, v0x7f8943d15bb0_0, L_0x7f8943e630e0;
L_0x7f8943d1b5e0 .cmp/eq 4, v0x7f8943d15bb0_0, L_0x7f8943e63128;
L_0x7f8943d1b7f0 .cmp/eq 4, v0x7f8943d15bb0_0, L_0x7f8943e63170;
S_0x7f8943d17660 .scope module, "encrypt_d" "encrypt" 3 30, 6 1 0, S_0x7f8943d05340;
 .timescale 0 0;
    .port_info 0 /INPUT 1 "clk"
    .port_info 1 /INPUT 1 "rst"
    .port_info 2 /INPUT 8 "password"
    .port_info 3 /INPUT 8 "data_in"
    .port_info 4 /OUTPUT 8 "data_out"
    .port_info 5 /OUTPUT 1 "init_done"
    .port_info 6 /INPUT 1 "valid"
    .port_info 7 /OUTPUT 1 "out_valid"
v0x7f8943d18cf0_0 .net "K", 7 0, v0x7f8943d17bd0_0;  1 drivers
v0x7f8943d18da0_0 .net "clk", 0 0, v0x7f8943d1a7d0_0;  alias, 1 drivers
v0x7f8943d18e30_0 .net "data_in", 7 0, v0x7f8943d1a860_0;  alias, 1 drivers
v0x7f8943d18ec0_0 .var "data_out", 7 0;
v0x7f8943d18f50_0 .net "init_done", 0 0, L_0x7f8943d1b390;  alias, 1 drivers
v0x7f8943d19020_0 .var "out_valid", 0 0;
v0x7f8943d190b0_0 .net "output_ready", 0 0, v0x7f8943d18710_0;  1 drivers
v0x7f8943d19160_0 .net "password", 7 0, v0x7f8943d1ab80_0;  alias, 1 drivers
v0x7f8943d191f0_0 .net "rst", 0 0, v0x7f8943d1ad50_0;  alias, 1 drivers
v0x7f8943d19300_0 .var "temp_K", 7 0;
v0x7f8943d193b0_0 .var "temp_K2", 7 0;
v0x7f8943d19460_0 .net "valid", 0 0, v0x7f8943d1aef0_0;  alias, 1 drivers
E_0x7f8943d178e0 .event posedge, v0x7f8943d18710_0;
S_0x7f8943d17920 .scope module, "device" "rc4" 6 19, 5 2 0, S_0x7f8943d17660;
 .timescale 0 0;
    .port_info 0 /INPUT 1 "clk"
    .port_info 1 /INPUT 1 "rst"
    .port_info 2 /OUTPUT 1 "output_ready"
    .port_info 3 /INPUT 8 "password_input"
    .port_info 4 /OUTPUT 8 "K"
    .port_info 5 /OUTPUT 1 "init_done"
    .port_info 6 /INPUT 1 "valid"
L_0x7f8943d1b1c0 .functor OR 1, L_0x7f8943d1af80, L_0x7f8943d1b080, C4<0>, C4<0>;
L_0x7f8943d1b390 .functor OR 1, L_0x7f8943d1b1c0, L_0x7f8943d1b2b0, C4<0>, C4<0>;
v0x7f8943d17bd0_0 .var "K", 7 0;
v0x7f8943d17c90_0 .var "KSState", 3 0;
v0x7f8943d17d40 .array "S", 256 0, 7 0;
L_0x7f8943e63008 .functor BUFT 1, C4<0100>, C4<0>, C4<0>, C4<0>;
v0x7f8943d17df0_0 .net/2u *"_s0", 3 0, L_0x7f8943e63008;  1 drivers
L_0x7f8943e63098 .functor BUFT 1, C4<0111>, C4<0>, C4<0>, C4<0>;
v0x7f8943d17ea0_0 .net/2u *"_s10", 3 0, L_0x7f8943e63098;  1 drivers
v0x7f8943d17f90_0 .net *"_s12", 0 0, L_0x7f8943d1b2b0;  1 drivers
v0x7f8943d18030_0 .net *"_s2", 0 0, L_0x7f8943d1af80;  1 drivers
L_0x7f8943e63050 .functor BUFT 1, C4<0101>, C4<0>, C4<0>, C4<0>;
v0x7f8943d180d0_0 .net/2u *"_s4", 3 0, L_0x7f8943e63050;  1 drivers
v0x7f8943d18180_0 .net *"_s6", 0 0, L_0x7f8943d1b080;  1 drivers
v0x7f8943d18290_0 .net *"_s8", 0 0, L_0x7f8943d1b1c0;  1 drivers
v0x7f8943d18320_0 .net "clk", 0 0, v0x7f8943d1a7d0_0;  alias, 1 drivers
v0x7f8943d183b0_0 .var "discardCount", 9 0;
v0x7f8943d18460_0 .var "i", 7 0;
v0x7f8943d18510_0 .net "init_done", 0 0, L_0x7f8943d1b390;  alias, 1 drivers
v0x7f8943d185b0_0 .var "j", 7 0;
v0x7f8943d18660_0 .var "key", 7 0;
v0x7f8943d18710_0 .var "output_ready", 0 0;
v0x7f8943d188a0_0 .net "password_input", 7 0, v0x7f8943d1ab80_0;  alias, 1 drivers
v0x7f8943d18970_0 .net "rst", 0 0, v0x7f8943d1ad50_0;  alias, 1 drivers
o0x7f8943e32b48 .functor BUFZ 1, C4<z>; HiZ drive
v0x7f8943d18a00_0 .net "start", 0 0, o0x7f8943e32b48;  0 drivers
v0x7f8943d18a90_0 .var "temp_K", 7 0;
v0x7f8943d18b20_0 .var "tmp", 7 0;
v0x7f8943d18bb0_0 .net "valid", 0 0, v0x7f8943d1aef0_0;  alias, 1 drivers
L_0x7f8943d1af80 .cmp/eq 4, v0x7f8943d17c90_0, L_0x7f8943e63008;
L_0x7f8943d1b080 .cmp/eq 4, v0x7f8943d17c90_0, L_0x7f8943e63050;
L_0x7f8943d1b2b0 .cmp/eq 4, v0x7f8943d17c90_0, L_0x7f8943e63098;
S_0x7f8943d1a500 .scope task, "delay" "delay" 2 10, 2 10 0, S_0x7f8943d044b0;
 .timescale 0 0;
v0x7f8943d1a6b0_0 .var/i "i", 31 0;
v0x7f8943d1a740_0 .var "num", 31 0;
TD_rc4_top_tb.delay ;
    %pushi/vec4 0, 0, 32;
    %store/vec4 v0x7f8943d1a6b0_0, 0, 32;
T_0.0 ;
    %load/vec4 v0x7f8943d1a6b0_0;
    %load/vec4 v0x7f8943d1a740_0;
    %cmp/u;
    %jmp/0xz T_0.1, 5;
    %wait E_0x7f8943d04fb0;
    %load/vec4 v0x7f8943d1a6b0_0;
    %addi 1, 0, 32;
    %store/vec4 v0x7f8943d1a6b0_0, 0, 32;
    %jmp T_0.0;
T_0.1 ;
    %end;
    .scope S_0x7f8943d17920;
T_1 ;
    %wait E_0x7f8943d04150;
    %pushi/vec4 0, 0, 8;
    %assign/vec4 v0x7f8943d17bd0_0, 0;
    %load/vec4 v0x7f8943d17c90_0;
    %dup/vec4;
    %pushi/vec4 0, 0, 4;
    %cmp/u;
    %jmp/1 T_1.0, 6;
    %dup/vec4;
    %pushi/vec4 1, 0, 4;
    %cmp/u;
    %jmp/1 T_1.1, 6;
    %dup/vec4;
    %pushi/vec4 2, 0, 4;
    %cmp/u;
    %jmp/1 T_1.2, 6;
    %dup/vec4;
    %pushi/vec4 3, 0, 4;
    %cmp/u;
    %jmp/1 T_1.3, 6;
    %dup/vec4;
    %pushi/vec4 7, 0, 4;
    %cmp/u;
    %jmp/1 T_1.4, 6;
    %dup/vec4;
    %pushi/vec4 4, 0, 4;
    %cmp/u;
    %jmp/1 T_1.5, 6;
    %dup/vec4;
    %pushi/vec4 5, 0, 4;
    %cmp/u;
    %jmp/1 T_1.6, 6;
    %dup/vec4;
    %pushi/vec4 6, 0, 4;
    %cmp/u;
    %jmp/1 T_1.7, 6;
    %pushi/vec4 6, 0, 4;
    %assign/vec4 v0x7f8943d17c90_0, 0;
    %jmp T_1.9;
T_1.0 ;
    %load/vec4 v0x7f8943d18970_0;
    %flag_set/vec4 8;
    %jmp/0xz  T_1.10, 8;
    %pushi/vec4 6, 0, 4;
    %assign/vec4 v0x7f8943d17c90_0, 0;
    %jmp T_1.11;
T_1.10 ;
    %pushi/vec4 1, 0, 4;
    %assign/vec4 v0x7f8943d17c90_0, 0;
    %load/vec4 v0x7f8943d188a0_0;
    %assign/vec4 v0x7f8943d18660_0, 0;
    %load/vec4 v0x7f8943d188a0_0;
    %assign/vec4 v0x7f8943d18a90_0, 0;
T_1.11 ;
    %jmp T_1.9;
T_1.1 ;
    %load/vec4 v0x7f8943d18970_0;
    %flag_set/vec4 8;
    %jmp/0xz  T_1.12, 8;
    %pushi/vec4 6, 0, 4;
    %assign/vec4 v0x7f8943d17c90_0, 0;
    %jmp T_1.13;
T_1.12 ;
    %load/vec4 v0x7f8943d18460_0;
    %load/vec4 v0x7f8943d18460_0;
    %pad/u 10;
    %ix/vec4 3;
    %ix/load 4, 0, 0; Constant delay
    %assign/vec4/a/d v0x7f8943d17d40, 0, 4;
    %load/vec4 v0x7f8943d18460_0;
    %cmpi/e 255, 0, 8;
    %jmp/0xz  T_1.14, 4;
    %pushi/vec4 2, 0, 4;
    %assign/vec4 v0x7f8943d17c90_0, 0;
    %pushi/vec4 0, 0, 8;
    %assign/vec4 v0x7f8943d18460_0, 0;
    %jmp T_1.15;
T_1.14 ;
    %load/vec4 v0x7f8943d18460_0;
    %addi 1, 0, 8;
    %assign/vec4 v0x7f8943d18460_0, 0;
T_1.15 ;
T_1.13 ;
    %jmp T_1.9;
T_1.2 ;
    %load/vec4 v0x7f8943d18970_0;
    %flag_set/vec4 8;
    %jmp/0xz  T_1.16, 8;
    %pushi/vec4 6, 0, 4;
    %assign/vec4 v0x7f8943d17c90_0, 0;
    %jmp T_1.17;
T_1.16 ;
    %load/vec4 v0x7f8943d185b0_0;
    %load/vec4 v0x7f8943d18460_0;
    %pad/u 10;
    %ix/vec4 4;
    %load/vec4a v0x7f8943d17d40, 4;
    %add;
    %load/vec4 v0x7f8943d18660_0;
    %load/vec4 v0x7f8943d18460_0;
    %pad/u 32;
    %pushi/vec4 7, 0, 32;
    %mod;
    %part/u 1;
    %pad/u 8;
    %add;
    %assign/vec4 v0x7f8943d185b0_0, 0;
    %pushi/vec4 3, 0, 4;
    %assign/vec4 v0x7f8943d17c90_0, 0;
T_1.17 ;
    %jmp T_1.9;
T_1.3 ;
    %load/vec4 v0x7f8943d18970_0;
    %flag_set/vec4 8;
    %jmp/0xz  T_1.18, 8;
    %pushi/vec4 6, 0, 4;
    %assign/vec4 v0x7f8943d17c90_0, 0;
    %jmp T_1.19;
T_1.18 ;
    %load/vec4 v0x7f8943d185b0_0;
    %pad/u 10;
    %ix/vec4 4;
    %load/vec4a v0x7f8943d17d40, 4;
    %load/vec4 v0x7f8943d18460_0;
    %pad/u 10;
    %ix/vec4 3;
    %ix/load 4, 0, 0; Constant delay
    %assign/vec4/a/d v0x7f8943d17d40, 0, 4;
    %load/vec4 v0x7f8943d18460_0;
    %pad/u 10;
    %ix/vec4 4;
    %load/vec4a v0x7f8943d17d40, 4;
    %load/vec4 v0x7f8943d185b0_0;
    %pad/u 10;
    %ix/vec4 3;
    %ix/load 4, 0, 0; Constant delay
    %assign/vec4/a/d v0x7f8943d17d40, 0, 4;
    %load/vec4 v0x7f8943d18460_0;
    %cmpi/e 255, 0, 8;
    %jmp/0xz  T_1.20, 4;
    %pushi/vec4 7, 0, 4;
    %assign/vec4 v0x7f8943d17c90_0, 0;
    %pushi/vec4 1, 0, 8;
    %assign/vec4 v0x7f8943d18460_0, 0;
    %ix/load 4, 1, 0;
    %flag_set/imm 4, 0;
    %load/vec4a v0x7f8943d17d40, 4;
    %assign/vec4 v0x7f8943d185b0_0, 0;
    %pushi/vec4 0, 0, 10;
    %assign/vec4 v0x7f8943d183b0_0, 0;
    %pushi/vec4 0, 0, 1;
    %assign/vec4 v0x7f8943d18710_0, 0;
    %jmp T_1.21;
T_1.20 ;
    %load/vec4 v0x7f8943d18460_0;
    %addi 1, 0, 8;
    %assign/vec4 v0x7f8943d18460_0, 0;
    %pushi/vec4 2, 0, 4;
    %assign/vec4 v0x7f8943d17c90_0, 0;
T_1.21 ;
T_1.19 ;
    %jmp T_1.9;
T_1.4 ;
    %pushi/vec4 1, 0, 8;
    %assign/vec4 v0x7f8943d18460_0, 0;
    %ix/load 4, 1, 0;
    %flag_set/imm 4, 0;
    %load/vec4a v0x7f8943d17d40, 4;
    %assign/vec4 v0x7f8943d185b0_0, 0;
    %load/vec4 v0x7f8943d18bb0_0;
    %flag_set/vec4 8;
    %jmp/0xz  T_1.22, 8;
    %pushi/vec4 4, 0, 4;
    %assign/vec4 v0x7f8943d17c90_0, 0;
T_1.22 ;
    %jmp T_1.9;
T_1.5 ;
    %load/vec4 v0x7f8943d18970_0;
    %flag_set/vec4 8;
    %jmp/0xz  T_1.24, 8;
    %pushi/vec4 6, 0, 4;
    %assign/vec4 v0x7f8943d17c90_0, 0;
    %jmp T_1.25;
T_1.24 ;
    %load/vec4 v0x7f8943d18bb0_0;
    %nor/r;
    %flag_set/vec4 8;
    %jmp/0xz  T_1.26, 8;
    %pushi/vec4 7, 0, 4;
    %assign/vec4 v0x7f8943d17c90_0, 0;
    %jmp T_1.27;
T_1.26 ;
    %load/vec4 v0x7f8943d185b0_0;
    %pad/u 10;
    %ix/vec4 4;
    %load/vec4a v0x7f8943d17d40, 4;
    %load/vec4 v0x7f8943d18460_0;
    %pad/u 10;
    %ix/vec4 3;
    %ix/load 4, 0, 0; Constant delay
    %assign/vec4/a/d v0x7f8943d17d40, 0, 4;
    %load/vec4 v0x7f8943d18460_0;
    %pad/u 10;
    %ix/vec4 4;
    %load/vec4a v0x7f8943d17d40, 4;
    %load/vec4 v0x7f8943d185b0_0;
    %pad/u 10;
    %ix/vec4 3;
    %ix/load 4, 0, 0; Constant delay
    %assign/vec4/a/d v0x7f8943d17d40, 0, 4;
    %load/vec4 v0x7f8943d18460_0;
    %pad/u 10;
    %ix/vec4 4;
    %load/vec4a v0x7f8943d17d40, 4;
    %load/vec4 v0x7f8943d185b0_0;
    %pad/u 10;
    %ix/vec4 4;
    %load/vec4a v0x7f8943d17d40, 4;
    %add;
    %assign/vec4 v0x7f8943d18b20_0, 0;
    %pushi/vec4 5, 0, 4;
    %assign/vec4 v0x7f8943d17c90_0, 0;
    %pushi/vec4 0, 0, 1;
    %assign/vec4 v0x7f8943d18710_0, 0;
T_1.27 ;
T_1.25 ;
    %jmp T_1.9;
T_1.6 ;
    %load/vec4 v0x7f8943d18970_0;
    %flag_set/vec4 8;
    %jmp/0xz  T_1.28, 8;
    %pushi/vec4 6, 0, 4;
    %assign/vec4 v0x7f8943d17c90_0, 0;
    %jmp T_1.29;
T_1.28 ;
    %load/vec4 v0x7f8943d18bb0_0;
    %nor/r;
    %flag_set/vec4 8;
    %jmp/0xz  T_1.30, 8;
    %pushi/vec4 7, 0, 4;
    %assign/vec4 v0x7f8943d17c90_0, 0;
    %jmp T_1.31;
T_1.30 ;
    %load/vec4 v0x7f8943d18b20_0;
    %pad/u 10;
    %ix/vec4 4;
    %load/vec4a v0x7f8943d17d40, 4;
    %assign/vec4 v0x7f8943d17bd0_0, 0;
    %pushi/vec4 1, 0, 1;
    %assign/vec4 v0x7f8943d18710_0, 0;
    %load/vec4 v0x7f8943d18460_0;
    %addi 1, 0, 8;
    %assign/vec4 v0x7f8943d18460_0, 0;
    %load/vec4 v0x7f8943d185b0_0;
    %pad/u 32;
    %load/vec4 v0x7f8943d18460_0;
    %pad/u 32;
    %addi 1, 0, 32;
    %cmp/e;
    %jmp/0xz  T_1.32, 4;
    %load/vec4 v0x7f8943d185b0_0;
    %load/vec4 v0x7f8943d18460_0;
    %pad/u 10;
    %ix/vec4 4;
    %load/vec4a v0x7f8943d17d40, 4;
    %add;
    %assign/vec4 v0x7f8943d185b0_0, 0;
    %jmp T_1.33;
T_1.32 ;
    %load/vec4 v0x7f8943d18460_0;
    %pad/u 32;
    %cmpi/e 255, 0, 32;
    %jmp/0xz  T_1.34, 4;
    %load/vec4 v0x7f8943d185b0_0;
    %ix/load 4, 0, 0;
    %flag_set/imm 4, 0;
    %load/vec4a v0x7f8943d17d40, 4;
    %add;
    %assign/vec4 v0x7f8943d185b0_0, 0;
    %jmp T_1.35;
T_1.34 ;
    %load/vec4 v0x7f8943d185b0_0;
    %load/vec4 v0x7f8943d18460_0;
    %pad/u 33;
    %addi 1, 0, 33;
    %ix/vec4 4;
    %load/vec4a v0x7f8943d17d40, 4;
    %add;
    %assign/vec4 v0x7f8943d185b0_0, 0;
T_1.35 ;
T_1.33 ;
    %pushi/vec4 4, 0, 4;
    %assign/vec4 v0x7f8943d17c90_0, 0;
T_1.31 ;
T_1.29 ;
    %jmp T_1.9;
T_1.7 ;
    %pushi/vec4 0, 0, 8;
    %assign/vec4 v0x7f8943d18460_0, 0;
    %pushi/vec4 0, 0, 4;
    %assign/vec4 v0x7f8943d17c90_0, 0;
    %pushi/vec4 0, 0, 1;
    %assign/vec4 v0x7f8943d18710_0, 0;
    %pushi/vec4 0, 0, 8;
    %assign/vec4 v0x7f8943d185b0_0, 0;
    %jmp T_1.9;
T_1.9 ;
    %pop/vec4 1;
    %jmp T_1;
    .thread T_1;
    .scope S_0x7f8943d17660;
T_2 ;
    %pushi/vec4 0, 0, 8;
    %store/vec4 v0x7f8943d19300_0, 0, 8;
    %pushi/vec4 0, 0, 8;
    %store/vec4 v0x7f8943d193b0_0, 0, 8;
    %pushi/vec4 0, 0, 1;
    %store/vec4 v0x7f8943d19020_0, 0, 1;
    %end;
    .thread T_2;
    .scope S_0x7f8943d17660;
T_3 ;
    %wait E_0x7f8943d04fb0;
    %pushi/vec4 0, 0, 8;
    %assign/vec4 v0x7f8943d18ec0_0, 0;
    %pushi/vec4 0, 0, 1;
    %assign/vec4 v0x7f8943d19020_0, 0;
    %load/vec4 v0x7f8943d19160_0;
    %assign/vec4 v0x7f8943d19300_0, 0;
    %load/vec4 v0x7f8943d19460_0;
    %flag_set/vec4 8;
    %jmp/0xz  T_3.0, 8;
    %load/vec4 v0x7f8943d19300_0;
    %load/vec4 v0x7f8943d18e30_0;
    %xor;
    %assign/vec4 v0x7f8943d18ec0_0, 0;
    %pushi/vec4 1, 0, 1;
    %assign/vec4 v0x7f8943d19020_0, 0;
T_3.0 ;
    %jmp T_3;
    .thread T_3;
    .scope S_0x7f8943d17660;
T_4 ;
    %wait E_0x7f8943d178e0;
    %load/vec4 v0x7f8943d18cf0_0;
    %assign/vec4 v0x7f8943d193b0_0, 0;
    %jmp T_4;
    .thread T_4;
    .scope S_0x7f8943d05840;
T_5 ;
    %wait E_0x7f8943d04150;
    %pushi/vec4 0, 0, 8;
    %assign/vec4 v0x7f8943d05af0_0, 0;
    %load/vec4 v0x7f8943d15bb0_0;
    %dup/vec4;
    %pushi/vec4 0, 0, 4;
    %cmp/u;
    %jmp/1 T_5.0, 6;
    %dup/vec4;
    %pushi/vec4 1, 0, 4;
    %cmp/u;
    %jmp/1 T_5.1, 6;
    %dup/vec4;
    %pushi/vec4 2, 0, 4;
    %cmp/u;
    %jmp/1 T_5.2, 6;
    %dup/vec4;
    %pushi/vec4 3, 0, 4;
    %cmp/u;
    %jmp/1 T_5.3, 6;
    %dup/vec4;
    %pushi/vec4 7, 0, 4;
    %cmp/u;
    %jmp/1 T_5.4, 6;
    %dup/vec4;
    %pushi/vec4 4, 0, 4;
    %cmp/u;
    %jmp/1 T_5.5, 6;
    %dup/vec4;
    %pushi/vec4 5, 0, 4;
    %cmp/u;
    %jmp/1 T_5.6, 6;
    %dup/vec4;
    %pushi/vec4 6, 0, 4;
    %cmp/u;
    %jmp/1 T_5.7, 6;
    %pushi/vec4 6, 0, 4;
    %assign/vec4 v0x7f8943d15bb0_0, 0;
    %jmp T_5.9;
T_5.0 ;
    %load/vec4 v0x7f8943d16840_0;
    %flag_set/vec4 8;
    %jmp/0xz  T_5.10, 8;
    %pushi/vec4 6, 0, 4;
    %assign/vec4 v0x7f8943d15bb0_0, 0;
    %jmp T_5.11;
T_5.10 ;
    %pushi/vec4 1, 0, 4;
    %assign/vec4 v0x7f8943d15bb0_0, 0;
    %load/vec4 v0x7f8943d167b0_0;
    %assign/vec4 v0x7f8943d16570_0, 0;
    %load/vec4 v0x7f8943d167b0_0;
    %assign/vec4 v0x7f8943d16970_0, 0;
T_5.11 ;
    %jmp T_5.9;
T_5.1 ;
    %load/vec4 v0x7f8943d16840_0;
    %flag_set/vec4 8;
    %jmp/0xz  T_5.12, 8;
    %pushi/vec4 6, 0, 4;
    %assign/vec4 v0x7f8943d15bb0_0, 0;
    %jmp T_5.13;
T_5.12 ;
    %load/vec4 v0x7f8943d16370_0;
    %load/vec4 v0x7f8943d16370_0;
    %pad/u 10;
    %ix/vec4 3;
    %ix/load 4, 0, 0; Constant delay
    %assign/vec4/a/d v0x7f8943d15c50, 0, 4;
    %load/vec4 v0x7f8943d16370_0;
    %cmpi/e 255, 0, 8;
    %jmp/0xz  T_5.14, 4;
    %pushi/vec4 2, 0, 4;
    %assign/vec4 v0x7f8943d15bb0_0, 0;
    %pushi/vec4 0, 0, 8;
    %assign/vec4 v0x7f8943d16370_0, 0;
    %jmp T_5.15;
T_5.14 ;
    %load/vec4 v0x7f8943d16370_0;
    %addi 1, 0, 8;
    %assign/vec4 v0x7f8943d16370_0, 0;
T_5.15 ;
T_5.13 ;
    %jmp T_5.9;
T_5.2 ;
    %load/vec4 v0x7f8943d16840_0;
    %flag_set/vec4 8;
    %jmp/0xz  T_5.16, 8;
    %pushi/vec4 6, 0, 4;
    %assign/vec4 v0x7f8943d15bb0_0, 0;
    %jmp T_5.17;
T_5.16 ;
    %load/vec4 v0x7f8943d164c0_0;
    %load/vec4 v0x7f8943d16370_0;
    %pad/u 10;
    %ix/vec4 4;
    %load/vec4a v0x7f8943d15c50, 4;
    %add;
    %load/vec4 v0x7f8943d16570_0;
    %load/vec4 v0x7f8943d16370_0;
    %pad/u 32;
    %pushi/vec4 7, 0, 32;
    %mod;
    %part/u 1;
    %pad/u 8;
    %add;
    %assign/vec4 v0x7f8943d164c0_0, 0;
    %pushi/vec4 3, 0, 4;
    %assign/vec4 v0x7f8943d15bb0_0, 0;
T_5.17 ;
    %jmp T_5.9;
T_5.3 ;
    %load/vec4 v0x7f8943d16840_0;
    %flag_set/vec4 8;
    %jmp/0xz  T_5.18, 8;
    %pushi/vec4 6, 0, 4;
    %assign/vec4 v0x7f8943d15bb0_0, 0;
    %jmp T_5.19;
T_5.18 ;
    %load/vec4 v0x7f8943d164c0_0;
    %pad/u 10;
    %ix/vec4 4;
    %load/vec4a v0x7f8943d15c50, 4;
    %load/vec4 v0x7f8943d16370_0;
    %pad/u 10;
    %ix/vec4 3;
    %ix/load 4, 0, 0; Constant delay
    %assign/vec4/a/d v0x7f8943d15c50, 0, 4;
    %load/vec4 v0x7f8943d16370_0;
    %pad/u 10;
    %ix/vec4 4;
    %load/vec4a v0x7f8943d15c50, 4;
    %load/vec4 v0x7f8943d164c0_0;
    %pad/u 10;
    %ix/vec4 3;
    %ix/load 4, 0, 0; Constant delay
    %assign/vec4/a/d v0x7f8943d15c50, 0, 4;
    %load/vec4 v0x7f8943d16370_0;
    %cmpi/e 255, 0, 8;
    %jmp/0xz  T_5.20, 4;
    %pushi/vec4 7, 0, 4;
    %assign/vec4 v0x7f8943d15bb0_0, 0;
    %pushi/vec4 1, 0, 8;
    %assign/vec4 v0x7f8943d16370_0, 0;
    %ix/load 4, 1, 0;
    %flag_set/imm 4, 0;
    %load/vec4a v0x7f8943d15c50, 4;
    %assign/vec4 v0x7f8943d164c0_0, 0;
    %pushi/vec4 0, 0, 10;
    %assign/vec4 v0x7f8943d162c0_0, 0;
    %pushi/vec4 0, 0, 1;
    %assign/vec4 v0x7f8943d16620_0, 0;
    %jmp T_5.21;
T_5.20 ;
    %load/vec4 v0x7f8943d16370_0;
    %addi 1, 0, 8;
    %assign/vec4 v0x7f8943d16370_0, 0;
    %pushi/vec4 2, 0, 4;
    %assign/vec4 v0x7f8943d15bb0_0, 0;
T_5.21 ;
T_5.19 ;
    %jmp T_5.9;
T_5.4 ;
    %pushi/vec4 1, 0, 8;
    %assign/vec4 v0x7f8943d16370_0, 0;
    %ix/load 4, 1, 0;
    %flag_set/imm 4, 0;
    %load/vec4a v0x7f8943d15c50, 4;
    %assign/vec4 v0x7f8943d164c0_0, 0;
    %load/vec4 v0x7f8943d16ad0_0;
    %flag_set/vec4 8;
    %jmp/0xz  T_5.22, 8;
    %pushi/vec4 4, 0, 4;
    %assign/vec4 v0x7f8943d15bb0_0, 0;
T_5.22 ;
    %jmp T_5.9;
T_5.5 ;
    %load/vec4 v0x7f8943d16840_0;
    %flag_set/vec4 8;
    %jmp/0xz  T_5.24, 8;
    %pushi/vec4 6, 0, 4;
    %assign/vec4 v0x7f8943d15bb0_0, 0;
    %jmp T_5.25;
T_5.24 ;
    %load/vec4 v0x7f8943d16ad0_0;
    %nor/r;
    %flag_set/vec4 8;
    %jmp/0xz  T_5.26, 8;
    %pushi/vec4 7, 0, 4;
    %assign/vec4 v0x7f8943d15bb0_0, 0;
    %jmp T_5.27;
T_5.26 ;
    %load/vec4 v0x7f8943d164c0_0;
    %pad/u 10;
    %ix/vec4 4;
    %load/vec4a v0x7f8943d15c50, 4;
    %load/vec4 v0x7f8943d16370_0;
    %pad/u 10;
    %ix/vec4 3;
    %ix/load 4, 0, 0; Constant delay
    %assign/vec4/a/d v0x7f8943d15c50, 0, 4;
    %load/vec4 v0x7f8943d16370_0;
    %pad/u 10;
    %ix/vec4 4;
    %load/vec4a v0x7f8943d15c50, 4;
    %load/vec4 v0x7f8943d164c0_0;
    %pad/u 10;
    %ix/vec4 3;
    %ix/load 4, 0, 0; Constant delay
    %assign/vec4/a/d v0x7f8943d15c50, 0, 4;
    %load/vec4 v0x7f8943d16370_0;
    %pad/u 10;
    %ix/vec4 4;
    %load/vec4a v0x7f8943d15c50, 4;
    %load/vec4 v0x7f8943d164c0_0;
    %pad/u 10;
    %ix/vec4 4;
    %load/vec4a v0x7f8943d15c50, 4;
    %add;
    %assign/vec4 v0x7f8943d16a20_0, 0;
    %pushi/vec4 5, 0, 4;
    %assign/vec4 v0x7f8943d15bb0_0, 0;
    %pushi/vec4 0, 0, 1;
    %assign/vec4 v0x7f8943d16620_0, 0;
T_5.27 ;
T_5.25 ;
    %jmp T_5.9;
T_5.6 ;
    %load/vec4 v0x7f8943d16840_0;
    %flag_set/vec4 8;
    %jmp/0xz  T_5.28, 8;
    %pushi/vec4 6, 0, 4;
    %assign/vec4 v0x7f8943d15bb0_0, 0;
    %jmp T_5.29;
T_5.28 ;
    %load/vec4 v0x7f8943d16ad0_0;
    %nor/r;
    %flag_set/vec4 8;
    %jmp/0xz  T_5.30, 8;
    %pushi/vec4 7, 0, 4;
    %assign/vec4 v0x7f8943d15bb0_0, 0;
    %jmp T_5.31;
T_5.30 ;
    %load/vec4 v0x7f8943d16a20_0;
    %pad/u 10;
    %ix/vec4 4;
    %load/vec4a v0x7f8943d15c50, 4;
    %assign/vec4 v0x7f8943d05af0_0, 0;
    %pushi/vec4 1, 0, 1;
    %assign/vec4 v0x7f8943d16620_0, 0;
    %load/vec4 v0x7f8943d16370_0;
    %addi 1, 0, 8;
    %assign/vec4 v0x7f8943d16370_0, 0;
    %load/vec4 v0x7f8943d164c0_0;
    %pad/u 32;
    %load/vec4 v0x7f8943d16370_0;
    %pad/u 32;
    %addi 1, 0, 32;
    %cmp/e;
    %jmp/0xz  T_5.32, 4;
    %load/vec4 v0x7f8943d164c0_0;
    %load/vec4 v0x7f8943d16370_0;
    %pad/u 10;
    %ix/vec4 4;
    %load/vec4a v0x7f8943d15c50, 4;
    %add;
    %assign/vec4 v0x7f8943d164c0_0, 0;
    %jmp T_5.33;
T_5.32 ;
    %load/vec4 v0x7f8943d16370_0;
    %pad/u 32;
    %cmpi/e 255, 0, 32;
    %jmp/0xz  T_5.34, 4;
    %load/vec4 v0x7f8943d164c0_0;
    %ix/load 4, 0, 0;
    %flag_set/imm 4, 0;
    %load/vec4a v0x7f8943d15c50, 4;
    %add;
    %assign/vec4 v0x7f8943d164c0_0, 0;
    %jmp T_5.35;
T_5.34 ;
    %load/vec4 v0x7f8943d164c0_0;
    %load/vec4 v0x7f8943d16370_0;
    %pad/u 33;
    %addi 1, 0, 33;
    %ix/vec4 4;
    %load/vec4a v0x7f8943d15c50, 4;
    %add;
    %assign/vec4 v0x7f8943d164c0_0, 0;
T_5.35 ;
T_5.33 ;
    %pushi/vec4 4, 0, 4;
    %assign/vec4 v0x7f8943d15bb0_0, 0;
T_5.31 ;
T_5.29 ;
    %jmp T_5.9;
T_5.7 ;
    %pushi/vec4 0, 0, 8;
    %assign/vec4 v0x7f8943d16370_0, 0;
    %pushi/vec4 0, 0, 4;
    %assign/vec4 v0x7f8943d15bb0_0, 0;
    %pushi/vec4 0, 0, 1;
    %assign/vec4 v0x7f8943d16620_0, 0;
    %pushi/vec4 0, 0, 8;
    %assign/vec4 v0x7f8943d164c0_0, 0;
    %jmp T_5.9;
T_5.9 ;
    %pop/vec4 1;
    %jmp T_5;
    .thread T_5;
    .scope S_0x7f8943d05590;
T_6 ;
    %pushi/vec4 0, 0, 8;
    %store/vec4 v0x7f8943d172a0_0, 0, 8;
    %pushi/vec4 0, 0, 8;
    %store/vec4 v0x7f8943d17330_0, 0, 8;
    %pushi/vec4 0, 0, 1;
    %store/vec4 v0x7f8943d16fc0_0, 0, 1;
    %pushi/vec4 0, 0, 1;
    %store/vec4 v0x7f8943d173c0_0, 0, 1;
    %end;
    .thread T_6;
    .scope S_0x7f8943d05590;
T_7 ;
    %wait E_0x7f8943d04fb0;
    %pushi/vec4 0, 0, 8;
    %assign/vec4 v0x7f8943d16dd0_0, 0;
    %pushi/vec4 0, 0, 1;
    %assign/vec4 v0x7f8943d16fc0_0, 0;
    %load/vec4 v0x7f8943d170e0_0;
    %assign/vec4 v0x7f8943d17330_0, 0;
    %pushi/vec4 0, 0, 1;
    %assign/vec4 v0x7f8943d17460_0, 0;
    %pushi/vec4 0, 0, 1;
    %assign/vec4 v0x7f8943d173c0_0, 0;
    %load/vec4 v0x7f8943d17500_0;
    %flag_set/vec4 8;
    %jmp/0xz  T_7.0, 8;
    %load/vec4 v0x7f8943d17330_0;
    %load/vec4 v0x7f8943d16d40_0;
    %xor;
    %assign/vec4 v0x7f8943d16dd0_0, 0;
    %pushi/vec4 1, 0, 1;
    %assign/vec4 v0x7f8943d173c0_0, 0;
    %load/vec4 v0x7f8943d173c0_0;
    %assign/vec4 v0x7f8943d17460_0, 0;
    %load/vec4 v0x7f8943d17460_0;
    %assign/vec4 v0x7f8943d16fc0_0, 0;
T_7.0 ;
    %jmp T_7;
    .thread T_7;
    .scope S_0x7f8943d05590;
T_8 ;
    %wait E_0x7f8943d04610;
    %load/vec4 v0x7f8943d16c20_0;
    %assign/vec4 v0x7f8943d172a0_0, 0;
    %jmp T_8;
    .thread T_8;
    .scope S_0x7f8943d05340;
T_9 ;
    %pushi/vec4 0, 0, 8;
    %store/vec4 v0x7f8943d19870_0, 0, 8;
    %pushi/vec4 0, 0, 8;
    %store/vec4 v0x7f8943d19940_0, 0, 8;
    %pushi/vec4 0, 0, 32;
    %store/vec4 v0x7f8943d199d0_0, 0, 32;
    %pushi/vec4 0, 0, 32;
    %store/vec4 v0x7f8943d19c50_0, 0, 32;
    %pushi/vec4 0, 0, 2;
    %store/vec4 v0x7f8943d1a040_0, 0, 2;
    %pushi/vec4 0, 0, 2;
    %store/vec4 v0x7f8943d1a0d0_0, 0, 2;
    %end;
    .thread T_9;
    .scope S_0x7f8943d05340;
T_10 ;
    %wait E_0x7f8943d04fb0;
    %load/vec4 v0x7f8943d1a380_0;
    %flag_set/vec4 8;
    %jmp/0xz  T_10.0, 8;
    %load/vec4 v0x7f8943d197c0_0;
    %ix/getv 3, v0x7f8943d199d0_0;
    %ix/load 4, 0, 0; Constant delay
    %assign/vec4/a/d v0x7f8943d1a160, 0, 4;
    %load/vec4 v0x7f8943d199d0_0;
    %addi 1, 0, 32;
    %assign/vec4 v0x7f8943d199d0_0, 0;
    %jmp T_10.1;
T_10.0 ;
    %pushi/vec4 0, 0, 32;
    %assign/vec4 v0x7f8943d199d0_0, 0;
T_10.1 ;
    %jmp T_10;
    .thread T_10;
    .scope S_0x7f8943d05340;
T_11 ;
    %wait E_0x7f8943d04fb0;
    %pushi/vec4 0, 0, 1;
    %assign/vec4 v0x7f8943d1a450_0, 0;
    %pushi/vec4 0, 0, 8;
    %assign/vec4 v0x7f8943d19870_0, 0;
    %ix/getv 4, v0x7f8943d19c50_0;
    %load/vec4a v0x7f8943d1a160, 4;
    %assign/vec4 v0x7f8943d19940_0, 0;
    %load/vec4 v0x7f8943d1a2f0_0;
    %flag_set/vec4 8;
    %jmp/0xz  T_11.0, 8;
    %pushi/vec4 1, 0, 1;
    %assign/vec4 v0x7f8943d1a450_0, 0;
    %load/vec4 v0x7f8943d19940_0;
    %assign/vec4 v0x7f8943d19870_0, 0;
    %load/vec4 v0x7f8943d19c50_0;
    %addi 1, 0, 32;
    %assign/vec4 v0x7f8943d19c50_0, 0;
    %jmp T_11.1;
T_11.0 ;
    %pushi/vec4 0, 0, 32;
    %assign/vec4 v0x7f8943d19c50_0, 0;
T_11.1 ;
    %jmp T_11;
    .thread T_11;
    .scope S_0x7f8943d044b0;
T_12 ;
    %vpi_call 2 20 "$display", "hello, world" {0 0 0};
    %vpi_call 2 21 "$dumpfile", "t.vcd" {0 0 0};
    %vpi_call 2 22 "$dumpvars" {0 0 0};
    %delay 100000, 0;
    %vpi_call 2 25 "$finish" {0 0 0};
    %end;
    .thread T_12;
    .scope S_0x7f8943d044b0;
T_13 ;
    %pushi/vec4 0, 0, 1;
    %store/vec4 v0x7f8943d1a7d0_0, 0, 1;
T_13.0 ;
    %delay 5, 0;
    %load/vec4 v0x7f8943d1a7d0_0;
    %inv;
    %store/vec4 v0x7f8943d1a7d0_0, 0, 1;
    %jmp T_13.0;
    %end;
    .thread T_13;
    .scope S_0x7f8943d044b0;
T_14 ;
    %pushi/vec4 1, 0, 1;
    %assign/vec4 v0x7f8943d1ad50_0, 0;
    %pushi/vec4 0, 0, 8;
    %assign/vec4 v0x7f8943d1a860_0, 0;
    %pushi/vec4 0, 0, 8;
    %assign/vec4 v0x7f8943d1ab80_0, 0;
    %pushi/vec4 0, 0, 1;
    %assign/vec4 v0x7f8943d1acb0_0, 0;
    %pushi/vec4 0, 0, 1;
    %assign/vec4 v0x7f8943d1ac10_0, 0;
    %pushi/vec4 0, 0, 1;
    %assign/vec4 v0x7f8943d1aab0_0, 0;
    %pushi/vec4 0, 0, 1;
    %assign/vec4 v0x7f8943d1aa10_0, 0;
    %pushi/vec4 0, 0, 1;
    %assign/vec4 v0x7f8943d1ae60_0, 0;
    %pushi/vec4 0, 0, 1;
    %assign/vec4 v0x7f8943d1aef0_0, 0;
    %pushi/vec4 2, 0, 32;
    %store/vec4 v0x7f8943d1a740_0, 0, 32;
    %fork TD_rc4_top_tb.delay, S_0x7f8943d1a500;
    %join;
    %pushi/vec4 0, 0, 1;
    %assign/vec4 v0x7f8943d1ad50_0, 0;
    %pushi/vec4 137, 0, 8;
    %assign/vec4 v0x7f8943d1ab80_0, 0;
    %pushi/vec4 1000, 0, 32;
    %store/vec4 v0x7f8943d1a740_0, 0, 32;
    %fork TD_rc4_top_tb.delay, S_0x7f8943d1a500;
    %join;
    %pushi/vec4 2, 0, 32;
    %store/vec4 v0x7f8943d1a740_0, 0, 32;
    %fork TD_rc4_top_tb.delay, S_0x7f8943d1a500;
    %join;
    %pushi/vec4 1, 0, 1;
    %assign/vec4 v0x7f8943d1aef0_0, 0;
    %pushi/vec4 5, 0, 8;
    %assign/vec4 v0x7f8943d1a860_0, 0;
    %pushi/vec4 2, 0, 32;
    %store/vec4 v0x7f8943d1a740_0, 0, 32;
    %fork TD_rc4_top_tb.delay, S_0x7f8943d1a500;
    %join;
    %pushi/vec4 10, 0, 8;
    %assign/vec4 v0x7f8943d1a860_0, 0;
    %pushi/vec4 2, 0, 32;
    %store/vec4 v0x7f8943d1a740_0, 0, 32;
    %fork TD_rc4_top_tb.delay, S_0x7f8943d1a500;
    %join;
    %pushi/vec4 20, 0, 8;
    %assign/vec4 v0x7f8943d1a860_0, 0;
    %pushi/vec4 2, 0, 32;
    %store/vec4 v0x7f8943d1a740_0, 0, 32;
    %fork TD_rc4_top_tb.delay, S_0x7f8943d1a500;
    %join;
    %pushi/vec4 30, 0, 8;
    %assign/vec4 v0x7f8943d1a860_0, 0;
    %pushi/vec4 2, 0, 32;
    %store/vec4 v0x7f8943d1a740_0, 0, 32;
    %fork TD_rc4_top_tb.delay, S_0x7f8943d1a500;
    %join;
    %pushi/vec4 40, 0, 8;
    %assign/vec4 v0x7f8943d1a860_0, 0;
    %pushi/vec4 2, 0, 32;
    %store/vec4 v0x7f8943d1a740_0, 0, 32;
    %fork TD_rc4_top_tb.delay, S_0x7f8943d1a500;
    %join;
    %pushi/vec4 0, 0, 1;
    %assign/vec4 v0x7f8943d1aef0_0, 0;
    %pushi/vec4 1, 0, 1;
    %assign/vec4 v0x7f8943d1ae60_0, 0;
    %pushi/vec4 10, 0, 32;
    %store/vec4 v0x7f8943d1a740_0, 0, 32;
    %fork TD_rc4_top_tb.delay, S_0x7f8943d1a500;
    %join;
    %pushi/vec4 120, 0, 32;
    %store/vec4 v0x7f8943d1a740_0, 0, 32;
    %fork TD_rc4_top_tb.delay, S_0x7f8943d1a500;
    %join;
    %pushi/vec4 0, 0, 1;
    %assign/vec4 v0x7f8943d1ae60_0, 0;
    %pushi/vec4 10, 0, 32;
    %store/vec4 v0x7f8943d1a740_0, 0, 32;
    %fork TD_rc4_top_tb.delay, S_0x7f8943d1a500;
    %join;
    %pushi/vec4 2, 0, 32;
    %store/vec4 v0x7f8943d1a740_0, 0, 32;
    %fork TD_rc4_top_tb.delay, S_0x7f8943d1a500;
    %join;
    %pushi/vec4 0, 0, 1;
    %assign/vec4 v0x7f8943d1aa10_0, 0;
    %pushi/vec4 0, 0, 1;
    %assign/vec4 v0x7f8943d1aab0_0, 0;
    %pushi/vec4 100, 0, 32;
    %store/vec4 v0x7f8943d1a740_0, 0, 32;
    %fork TD_rc4_top_tb.delay, S_0x7f8943d1a500;
    %join;
    %pushi/vec4 10, 0, 32;
    %store/vec4 v0x7f8943d1a740_0, 0, 32;
    %fork TD_rc4_top_tb.delay, S_0x7f8943d1a500;
    %join;
    %pushi/vec4 1, 0, 1;
    %assign/vec4 v0x7f8943d1aef0_0, 0;
    %pushi/vec4 5, 0, 8;
    %assign/vec4 v0x7f8943d1a860_0, 0;
    %pushi/vec4 2, 0, 32;
    %store/vec4 v0x7f8943d1a740_0, 0, 32;
    %fork TD_rc4_top_tb.delay, S_0x7f8943d1a500;
    %join;
    %pushi/vec4 10, 0, 8;
    %assign/vec4 v0x7f8943d1a860_0, 0;
    %pushi/vec4 2, 0, 32;
    %store/vec4 v0x7f8943d1a740_0, 0, 32;
    %fork TD_rc4_top_tb.delay, S_0x7f8943d1a500;
    %join;
    %pushi/vec4 20, 0, 8;
    %assign/vec4 v0x7f8943d1a860_0, 0;
    %pushi/vec4 2, 0, 32;
    %store/vec4 v0x7f8943d1a740_0, 0, 32;
    %fork TD_rc4_top_tb.delay, S_0x7f8943d1a500;
    %join;
    %pushi/vec4 30, 0, 8;
    %assign/vec4 v0x7f8943d1a860_0, 0;
    %pushi/vec4 2, 0, 32;
    %store/vec4 v0x7f8943d1a740_0, 0, 32;
    %fork TD_rc4_top_tb.delay, S_0x7f8943d1a500;
    %join;
    %pushi/vec4 40, 0, 8;
    %assign/vec4 v0x7f8943d1a860_0, 0;
    %pushi/vec4 4, 0, 32;
    %store/vec4 v0x7f8943d1a740_0, 0, 32;
    %fork TD_rc4_top_tb.delay, S_0x7f8943d1a500;
    %join;
    %pushi/vec4 0, 0, 1;
    %assign/vec4 v0x7f8943d1aef0_0, 0;
    %pushi/vec4 10, 0, 32;
    %store/vec4 v0x7f8943d1a740_0, 0, 32;
    %fork TD_rc4_top_tb.delay, S_0x7f8943d1a500;
    %join;
    %pushi/vec4 1, 0, 1;
    %assign/vec4 v0x7f8943d1ae60_0, 0;
    %pushi/vec4 130, 0, 32;
    %store/vec4 v0x7f8943d1a740_0, 0, 32;
    %fork TD_rc4_top_tb.delay, S_0x7f8943d1a500;
    %join;
    %pushi/vec4 0, 0, 1;
    %assign/vec4 v0x7f8943d1ae60_0, 0;
    %pushi/vec4 10, 0, 32;
    %store/vec4 v0x7f8943d1a740_0, 0, 32;
    %fork TD_rc4_top_tb.delay, S_0x7f8943d1a500;
    %join;
    %end;
    .thread T_14;
# The file index is used to find the file name in the following table.
:file_names 7;
    "N/A";
    "<interactive>";
    "rc4_top_tb.v";
    "rc4_top.v";
    "decrypt.v";
    "rc4.v";
    "encrypt.v";
